\BOOKMARK [0][]{chapter*.2}{\376\377\000I\000n\000d\000l\000e\000d\000n\000i\000n\000g}{}% 1
\BOOKMARK [0][]{chapter*.3}{\376\377\000N\000i\000v\000e\000a\000u\000\040\0001}{}% 2
\BOOKMARK [1][]{table.caption.4}{\376\377\000E\000v\000n\000e\000\040\000b\000e\000s\000k\000r\000i\000v\000e\000l\000s\000e}{chapter*.3}% 3
\BOOKMARK [2][]{section*.5}{\376\377\000L\000\346\000s\000e\000\040\000o\000g\000\040\000s\000k\000r\000i\000v\000e\000\040\000E\000l\000v\000i\000s\000k}{table.caption.4}% 4
\BOOKMARK [2][]{figure.caption.6}{\376\377\000I\000n\000v\000e\000s\000t\000o\000r\000e\000r\000\040\000N\000i\000v\000.\000\040\0001}{table.caption.4}% 5
\BOOKMARK [2][]{figure.caption.6}{\376\377\000V\000a\000r\000e\000u\000d\000v\000a\000l\000g\000\040\000N\000i\000v\000.\000\040\0001}{table.caption.4}% 6
\BOOKMARK [0][]{chapter*.8}{\376\377\000N\000i\000v\000e\000a\000u\000\040\0002}{}% 7
\BOOKMARK [1][]{table.caption.9}{\376\377\000E\000v\000n\000e\000\040\000b\000e\000s\000k\000r\000i\000v\000e\000l\000s\000e}{chapter*.8}% 8
\BOOKMARK [2][]{section*.10}{\376\377\000H\000a\000n\000d\000e\000l\000s\000p\000a\000r\000t\000n\000e\000r}{table.caption.9}% 9
\BOOKMARK [2][]{section*.10}{\376\377\000L\000o\000m\000m\000e\000t\000y\000v\000e\000r\000i\000\040\000N\000i\000v\000.\000\040\0001}{table.caption.9}% 10
\BOOKMARK [2][]{section*.10}{\376\377\000I\000n\000v\000e\000s\000t\000o\000r\000e\000r\000\040\000N\000i\000v\000.\000\040\0002}{table.caption.9}% 11
\BOOKMARK [2][]{section*.10}{\376\377\000V\000a\000r\000e\000u\000d\000v\000a\000l\000g\000\040\000N\000i\000v\000.\000\040\0002}{table.caption.9}% 12
\BOOKMARK [0][]{chapter*.12}{\376\377\000N\000i\000v\000e\000a\000u\000\040\0003}{}% 13
\BOOKMARK [1][]{table.caption.13}{\376\377\000E\000v\000n\000e\000\040\000b\000e\000s\000k\000r\000i\000v\000e\000l\000s\000e}{chapter*.12}% 14
\BOOKMARK [2][]{section*.14}{\376\377\000A\000r\000m\000e\000r\000e\000t\000\040\000p\000u\000n\000g}{table.caption.13}% 15
\BOOKMARK [2][]{section*.14}{\376\377\000I\000n\000v\000e\000s\000t\000o\000r\000e\000r\000\040\000N\000i\000v\000.\000\040\0003}{table.caption.13}% 16
\BOOKMARK [2][]{section*.14}{\376\377\000M\000a\000r\000k\000e\000d\000s\000a\000n\000a\000l\000y\000t\000i\000k\000e\000r\000\040\000N\000i\000v\000.\000\040\0001}{table.caption.13}% 17
\BOOKMARK [2][]{section*.14}{\376\377\000M\000a\000r\000k\000e\000d\000s\000a\000n\000a\000l\000y\000t\000i\000k\000e\000r\000\040\000N\000i\000v\000.\000\040\0002}{table.caption.13}% 18
\BOOKMARK [2][]{section*.14}{\376\377\000V\000a\000r\000e\000u\000d\000v\000a\000l\000g\000\040\000N\000i\000v\000.\000\040\0003}{table.caption.13}% 19
\BOOKMARK [0][]{chapter*.16}{\376\377\000N\000i\000v\000e\000a\000u\000\040\0004}{}% 20
\BOOKMARK [1][]{table.caption.17}{\376\377\000E\000v\000n\000e\000\040\000b\000e\000s\000k\000r\000i\000v\000e\000l\000s\000e\000\040\000f\000o\000r\000\040\000E\000n\000t\000r\000e\000p\000r\000e\000n\000\370\000r}{chapter*.16}% 21
\BOOKMARK [2][]{section*.18}{\376\377\000A\000m\000b\000a\000s\000s\000a\000d\000\370\000r}{table.caption.17}% 22
\BOOKMARK [2][]{section*.18}{\376\377\000M\000a\000r\000k\000e\000d\000s\000a\000n\000a\000l\000y\000t\000i\000k\000e\000r\000\040\000N\000i\000v\000.\000\040\0003}{table.caption.17}% 23
\BOOKMARK [2][]{section*.18}{\376\377\000S\000t\000o\000r\000\040\000i\000m\000p\000o\000r\000t\000\370\000r}{table.caption.17}% 24
\BOOKMARK [2][]{section*.18}{\376\377\000V\000a\000r\000e\000u\000d\000v\000a\000l\000g\000\040\000N\000i\000v\000.\000\040\0004}{table.caption.17}% 25
\BOOKMARK [2][]{table.caption.19}{\376\377\000U\000n\000d\000e\000r\000g\000r\000u\000n\000d\000s\000\040\000H\000a\000n\000d\000e\000l}{table.caption.17}% 26
\BOOKMARK [0][]{chapter*.21}{\376\377\000G\000e\000n\000e\000r\000e\000l\000l\000e\000\040\000e\000v\000n\000e\000r}{}% 27
\BOOKMARK [1][]{table.caption.22}{\376\377\000E\000v\000n\000e\000\040\000b\000e\000s\000k\000r\000i\000v\000e\000l\000s\000e}{chapter*.21}% 28
\BOOKMARK [2][]{section*.23}{\376\377\0006\000.\000\040\000s\000a\000n\000s\000\040\000N\000i\000v\000.\000\040\0001}{table.caption.22}% 29
\BOOKMARK [2][]{section*.23}{\376\377\0006\000.\000\040\000s\000a\000n\000s\000\040\000N\000i\000v\000.\000\040\0002}{table.caption.22}% 30
\BOOKMARK [2][]{section*.23}{\376\377\000B\000o\000n\000k}{table.caption.22}% 31
\BOOKMARK [2][]{section*.23}{\376\377\000B\000r\000u\000g\000\040\000a\000f\000\040\000p\000i\000s\000t\000o\000l}{table.caption.22}% 32
\BOOKMARK [2][]{section*.23}{\376\377\000B\000\346\000r\000e\000\040\000p\000e\000r\000s\000o\000n}{table.caption.22}% 33
\BOOKMARK [2][]{section*.23}{\376\377\000K\000a\000m\000p\000\040\000m\000e\000d\000\040\000t\000o\000h\000\345\000n\000d\000s\000v\000\345\000b\000e\000n}{table.caption.22}% 34
\BOOKMARK [2][]{section*.23}{\376\377\000F\000\370\000r\000s\000t\000e\000h\000j\000\346\000l\000p}{table.caption.22}% 35
\BOOKMARK [2][]{section*.23}{\376\377\000L\000\346\000s\000e\000\040\000o\000g\000\040\000s\000k\000r\000i\000v\000e}{table.caption.22}% 36
\BOOKMARK [2][]{section*.23}{\376\377\000M\000i\000n\000e\000a\000r\000b\000e\000j\000d\000e\000r}{table.caption.22}% 37
\BOOKMARK [2][]{section*.23}{\376\377\000P\000\345\000f\000\370\000r\000\040\000g\000i\000f\000t}{table.caption.22}% 38
\BOOKMARK [2][]{section*.23}{\376\377\000S\000l\000a\000g\000s\000b\000r\000o\000r\000\040\000N\000i\000v\000.\000\040\0001}{table.caption.22}% 39
\BOOKMARK [2][]{section*.23}{\376\377\000S\000l\000a\000g\000s\000b\000r\000o\000r\000\040\000N\000i\000v\000.\000\040\0002}{table.caption.22}% 40
\BOOKMARK [2][]{section*.23}{\376\377\000S\000l\000a\000g\000s\000b\000r\000o\000r\000\040\000N\000i\000v\000.\000\040\0002}{table.caption.22}% 41
\BOOKMARK [2][]{section*.23}{\376\377\000S\000p\000e\000c\000i\000a\000l\000e}{table.caption.22}% 42
\BOOKMARK [2][]{section*.23}{\376\377\000U\000r\000t\000e\000s\000a\000m\000l\000e\000r}{table.caption.22}% 43
